<?xml version="1.0" encoding="UTF-8"?>
<!-- Generated by org.testng.reporters.JUnitReportReporter -->
<testsuite hostname="Rohits-MacBook-Pro.local" failures="0" tests="1" name="ClassThree" time="0.000" errors="0" timestamp="2022-04-14T18:53:42 IST" skipped="0">
  <testcase classname="ClassThree" name="ClassThreeTest1" time="0.000"/>
  <system-out/>
</testsuite> <!-- ClassThree -->
