<?xml version="1.0" encoding="UTF-8"?>
<!-- Generated by org.testng.reporters.JUnitReportReporter -->
<testsuite hostname="Rohits-MacBook-Pro.local" failures="0" tests="1" name="BasicTestNG" time="0.001" errors="0" timestamp="2022-04-15T16:39:38 IST" skipped="0">
  <testcase classname="BasicTestNG" name="testMethod2" time="0.001"/>
  <system-out/>
</testsuite> <!-- BasicTestNG -->
