<?xml version="1.0" encoding="UTF-8"?>
<!-- Generated by org.testng.reporters.JUnitReportReporter -->
<testsuite hostname="Rohits-MacBook-Pro.local" failures="0" tests="1" name="ClassTwo" time="0.002" errors="0" timestamp="2022-04-18T19:20:13 IST" skipped="0">
  <testcase classname="ClassTwo" name="ClassTwoTest1" time="0.002"/>
  <system-out/>
</testsuite> <!-- ClassTwo -->
