<?xml version="1.0" encoding="UTF-8"?>
<!-- Generated by org.testng.reporters.JUnitReportReporter -->
<testsuite hostname="Rohits-MacBook-Pro.local" failures="0" tests="3" name="ToSkipATest" time="0.001" errors="0" timestamp="2022-04-18T18:34:42 IST" skipped="1">
  <testcase classname="ToSkipATest" name="C" time="0.001"/>
  <system-out/>
  <testcase classname="ToSkipATest" name="A" time="0.000"/>
  <system-out/>
  <testcase classname="ToSkipATest" name="B">
    <skipped/>
  </testcase> <!-- B -->
  <system-out/>
</testsuite> <!-- ToSkipATest -->
