<?xml version="1.0" encoding="UTF-8"?>
<!-- Generated by org.testng.reporters.JUnitReportReporter -->
<testsuite hostname="Rohits-MacBook-Pro.local" failures="0" tests="2" name="TestngAnnotation2" time="0.000" errors="0" timestamp="2022-04-18T18:34:42 IST" skipped="0">
  <testcase classname="TestngAnnotation2" name="TestngAnnotation2Method2" time="0.000"/>
  <system-out/>
  <testcase classname="TestngAnnotation2" name="TestngAnnotation2Method1" time="0.000"/>
  <system-out/>
</testsuite> <!-- TestngAnnotation2 -->
