<?xml version="1.0" encoding="UTF-8"?>
<!-- Generated by org.testng.reporters.JUnitReportReporter -->
<testsuite hostname="Rohits-MacBook-Pro.local" failures="0" tests="2" name="BasicTestNG" time="0.002" errors="0" timestamp="2022-04-20T13:45:25 IST" skipped="0">
  <testcase classname="BasicTestNG" name="testMethod2" time="0.000"/>
  <system-out/>
  <testcase classname="BasicTestNG" name="testMethod1" time="0.002"/>
  <system-out/>
</testsuite> <!-- BasicTestNG -->
