<?xml version="1.0" encoding="UTF-8"?>
<!-- Generated by org.testng.reporters.JUnitReportReporter -->
<testsuite hostname="Rohits-MacBook-Pro.local" failures="0" tests="1" name="TestngAnnotation3" time="0.000" errors="0" timestamp="2022-04-18T18:34:42 IST" skipped="0">
  <testcase classname="TestngAnnotation3" name="TestngAnnotation3method1" time="0.000"/>
  <system-out/>
</testsuite> <!-- TestngAnnotation3 -->
