<?xml version="1.0" encoding="UTF-8"?>
<!-- Generated by org.testng.reporters.JUnitReportReporter -->
<testsuite hostname="Rohits-MacBook-Pro.local" failures="0" tests="5" name="AlphabaticalOrderOfExecutionOfTest" time="0.002" errors="0" timestamp="2022-04-18T18:34:42 IST" skipped="0">
  <testcase classname="AlphabaticalOrderOfExecutionOfTest" name="a" time="0.000"/>
  <system-out/>
  <testcase classname="AlphabaticalOrderOfExecutionOfTest" name="R" time="0.000"/>
  <system-out/>
  <testcase classname="AlphabaticalOrderOfExecutionOfTest" name="A" time="0.001"/>
  <system-out/>
  <testcase classname="AlphabaticalOrderOfExecutionOfTest" name="b" time="0.000"/>
  <system-out/>
  <testcase classname="AlphabaticalOrderOfExecutionOfTest" name="C" time="0.001"/>
  <system-out/>
</testsuite> <!-- AlphabaticalOrderOfExecutionOfTest -->
